<?xml version="1.0" encoding="UTF-8"?>
<coverage generated="1561403304775" clover="3.2.0">
  <project timestamp="1561403304776" name="All files">
    <metrics statements="27" coveredstatements="26" conditionals="12" coveredconditionals="11" methods="5" coveredmethods="5" elements="44" coveredelements="42" complexity="0" loc="27" ncloc="27" packages="1" files="1" classes="1"/>
    <file name="pet.js" path="/home/nadia/virtual-pet/src/pet.js">
      <metrics statements="27" coveredstatements="26" conditionals="12" coveredconditionals="11" methods="5" coveredmethods="5"/>
      <line num="2" count="13" type="stmt"/>
      <line num="3" count="13" type="stmt"/>
      <line num="4" count="13" type="stmt"/>
      <line num="5" count="13" type="stmt"/>
      <line num="7" count="1" type="stmt"/>
      <line num="8" count="3" type="stmt"/>
      <line num="9" count="3" type="stmt"/>
      <line num="10" count="3" type="stmt"/>
      <line num="12" count="1" type="stmt"/>
      <line num="13" count="1" type="stmt"/>
      <line num="14" count="2" type="cond" truecount="2" falsecount="0"/>
      <line num="15" count="1" type="stmt"/>
      <line num="17" count="1" type="stmt"/>
      <line num="20" count="1" type="stmt"/>
      <line num="21" count="1" type="stmt"/>
      <line num="22" count="1" type="cond" truecount="1" falsecount="1"/>
      <line num="23" count="0" type="stmt"/>
      <line num="25" count="1" type="stmt"/>
      <line num="28" count="1" type="stmt"/>
      <line num="29" count="4" type="cond" truecount="4" falsecount="0"/>
      <line num="30" count="1" type="stmt"/>
      <line num="32" count="3" type="cond" truecount="2" falsecount="0"/>
      <line num="33" count="1" type="stmt"/>
      <line num="35" count="2" type="cond" truecount="2" falsecount="0"/>
      <line num="36" count="1" type="stmt"/>
      <line num="39" count="1" type="stmt"/>
      <line num="43" count="1" type="stmt"/>
    </file>
  </project>
</coverage>
