TN:
SF:/home/nadia/virtual-pet/src/pet.js
FN:3,Pet
FN:9,(anonymous_1)
FN:14,(anonymous_2)
FN:21,(anonymous_3)
FN:31,(anonymous_4)
FN:45,(anonymous_5)
FNF:6
FNH:6
FNDA:15,Pet
FNDA:3,(anonymous_1)
FNDA:2,(anonymous_2)
FNDA:2,(anonymous_3)
FNDA:4,(anonymous_4)
FNDA:3,(anonymous_5)
DA:1,1
DA:2,1
DA:4,15
DA:5,15
DA:6,15
DA:7,15
DA:9,1
DA:10,3
DA:11,3
DA:12,3
DA:14,1
DA:15,2
DA:16,1
DA:18,1
DA:21,1
DA:22,2
DA:23,1
DA:25,1
DA:26,0
DA:28,1
DA:31,1
DA:32,4
DA:33,1
DA:35,3
DA:36,1
DA:38,2
DA:39,1
DA:42,1
DA:45,1
DA:46,3
DA:47,1
DA:49,2
DA:50,1
DA:52,1
DA:54,1
LF:35
LH:34
BRDA:15,0,0,1
BRDA:15,0,1,1
BRDA:22,1,0,1
BRDA:22,1,1,1
BRDA:25,2,0,0
BRDA:25,2,1,1
BRDA:32,3,0,1
BRDA:32,3,1,3
BRDA:32,4,0,4
BRDA:32,4,1,2
BRDA:35,5,0,1
BRDA:35,5,1,2
BRDA:38,6,0,1
BRDA:38,6,1,1
BRDA:46,7,0,1
BRDA:46,7,1,2
BRDA:49,8,0,1
BRDA:49,8,1,1
BRF:18
BRH:17
end_of_record
