TN:
SF:/home/nadia/virtual-pet/src/pet.js
FN:1,Pet
FN:7,(anonymous_1)
FN:13,(anonymous_2)
FN:21,(anonymous_3)
FN:28,(anonymous_4)
FNF:5
FNH:5
FNDA:13,Pet
FNDA:3,(anonymous_1)
FNDA:2,(anonymous_2)
FNDA:1,(anonymous_3)
FNDA:4,(anonymous_4)
DA:2,13
DA:3,13
DA:4,13
DA:5,13
DA:7,1
DA:8,3
DA:9,3
DA:10,3
DA:12,1
DA:13,1
DA:14,2
DA:15,1
DA:17,1
DA:20,1
DA:21,1
DA:22,1
DA:23,0
DA:25,1
DA:28,1
DA:29,4
DA:30,1
DA:32,3
DA:33,1
DA:35,2
DA:36,1
DA:39,1
DA:43,1
LF:27
LH:26
BRDA:14,0,0,1
BRDA:14,0,1,1
BRDA:22,1,0,0
BRDA:22,1,1,1
BRDA:29,2,0,1
BRDA:29,2,1,3
BRDA:29,3,0,4
BRDA:29,3,1,2
BRDA:32,4,0,1
BRDA:32,4,1,2
BRDA:35,5,0,1
BRDA:35,5,1,1
BRF:12
BRH:11
end_of_record
